TN:
SF:/Users/gplus/vm/weather-dashboard/src/components/Dashboard/Dashboard.vue
FN:15,_interopRequireDefault
FN:21,data
FN:34,mounted
FN:37,(anonymous_4)
FN:42,setupCharts
FN:139,getRain
FN:142,(anonymous_7)
FN:143,(anonymous_8)
FN:149,processData
FN:155,(anonymous_10)
FN:158,(anonymous_11)
FN:171,chanceOfRain
FNF:12
FNH:5
FNDA:2,_interopRequireDefault
FNDA:2,data
FNDA:2,mounted
FNDA:2,(anonymous_4)
FNDA:2,setupCharts
FNDA:0,getRain
FNDA:0,(anonymous_7)
FNDA:0,(anonymous_8)
FNDA:0,processData
FNDA:0,(anonymous_10)
FNDA:0,(anonymous_11)
FNDA:0,chanceOfRain
DA:0,2
DA:34,1
DA:35,1
DA:36,1
DA:41,2
DA:52,2
DA:53,2
DA:55,2
DA:60,2
DA:61,0
DA:62,0
DA:121,0
DA:160,0
DA:162,0
DA:163,0
DA:164,0
DA:165,0
DA:168,0
DA:170,0
DA:171,0
DA:174,0
DA:175,0
DA:177,0
DA:178,0
DA:179,0
DA:180,0
DA:184,0
DA:185,0
DA:186,0
DA:187,0
DA:188,0
DA:189,0
DA:192,0
DA:193,0
DA:194,0
DA:195,0
DA:196,0
LF:37
LH:9
BRDA:15,1,0,1
BRDA:15,1,1,1
BRDA:15,2,0,2
BRDA:15,2,1,2
BRF:4
BRH:4
end_of_record
TN:
SF:/Users/gplus/vm/weather-dashboard/src/service/resource.js
FN:23,_interopRequireDefault
FN:27,(anonymous_2)
FN:28,Resource
FN:34,getRain
FN:35,(anonymous_5)
FN:37,(anonymous_6)
FNF:6
FNH:4
FNDA:4,_interopRequireDefault
FNDA:1,(anonymous_2)
FNDA:1,Resource
FNDA:0,getRain
FNDA:0,(anonymous_5)
FNDA:0,(anonymous_6)
DA:0,4
DA:1,1
DA:2,1
DA:4,1
DA:9,0
DA:10,0
DA:12,0
LF:7
LH:4
BRDA:23,1,0,2
BRDA:23,1,1,2
BRDA:23,2,0,4
BRDA:23,2,1,4
BRF:4
BRH:4
end_of_record
TN:
SF:/Users/gplus/vm/weather-dashboard/src/App.vue
FN:11,_interopRequireDefault
FNF:1
FNH:1
FNDA:1,_interopRequireDefault
DA:0,1
DA:8,1
LF:2
LH:2
BRDA:11,1,0,0
BRDA:11,1,1,1
BRDA:11,2,0,1
BRDA:11,2,1,1
BRF:4
BRH:4
end_of_record
